<?xml version="1.0" encoding="UTF-8"?>
<!-- Generated by org.testng.reporters.JUnitReportReporter -->
<testsuite skipped="0" hostname="LAPTOP-34HA019L" name="test.AddCategoryTest" tests="1" failures="0" timestamp="2022-01-30T21:10:13 EST" time="26.019" errors="0">
  <testcase name="userShouldBeAbleToAddCategory" time="26.019" classname="test.AddCategoryTest"/>
  <system-out/>
</testsuite> <!-- test.AddCategoryTest -->
