<?xml version="1.0" encoding="UTF-8"?>
<!-- Generated by org.testng.reporters.JUnitReportReporter -->
<testsuite skipped="0" hostname="LAPTOP-34HA019L" name="Pages.LaunchBrowser" tests="1" failures="0" timestamp="2022-01-22T14:15:07 EST" time="7.747" errors="0">
  <testcase name="init" time="7.747" classname="Pages.LaunchBrowser"/>
  <system-out/>
</testsuite> <!-- Pages.LaunchBrowser -->
